# JRE version: Java(TM) SE Runtime Environment (8.0_201-b09) (build 1.8.0_201-b09)
# Java VM: Java HotSpot(TM) 64-Bit Server VM (25.201-b09 mixed mode windows-amd64 compressed oops)
Heap:
 PSYoungGen      total 133120K, used 103628K [0x00000000f5580000, 0x0000000100000000, 0x0000000100000000)
  eden space 96768K, 78% used [0x00000000f5580000,0x00000000f9f9ab58,0x00000000fb400000)
  from space 36352K, 76% used [0x00000000fd980000,0x00000000ff498508,0x00000000ffd00000)
  to   space 38400K, 0% used [0x00000000fb400000,0x00000000fb400000,0x00000000fd980000)
 ParOldGen       total 349696K, used 183010K [0x00000000e0000000, 0x00000000f5580000, 0x00000000f5580000)
  object space 349696K, 52% used [0x00000000e0000000,0x00000000eb2b8ae8,0x00000000f5580000)
 Metaspace       used 121106K, capacity 130434K, committed 130560K, reserved 1161216K
  class space    used 16010K, capacity 17856K, committed 17920K, reserved 1048576K
GC Heap History (10 events):
Event: 364.598 GC heap before
{Heap before GC invocations=54 (full 4):
 PSYoungGen      total 129536K, used 103879K [0x00000000f5580000, 0x00000000ffd80000, 0x0000000100000000)
  eden space 88064K, 99% used [0x00000000f5580000,0x00000000fab7f370,0x00000000fab80000)
  from space 41472K, 38% used [0x00000000fab80000,0x00000000fbaf2b50,0x00000000fd400000)
  to   space 39424K, 0% used [0x00000000fd700000,0x00000000fd700000,0x00000000ffd80000)
 ParOldGen       total 349696K, used 172068K [0x00000000e0000000, 0x00000000f5580000, 0x00000000f5580000)
  object space 349696K, 49% used [0x00000000e0000000,0x00000000ea809258,0x00000000f5580000)
 Metaspace       used 110263K, capacity 118454K, committed 118656K, reserved 1150976K
  class space    used 14536K, capacity 16220K, committed 16256K, reserved 1048576K
Event: 364.664 GC heap after
Heap after GC invocations=54 (full 4):
 PSYoungGen      total 132096K, used 25365K [0x00000000f5580000, 0x00000000fff00000, 0x0000000100000000)
  eden space 92672K, 0% used [0x00000000f5580000,0x00000000f5580000,0x00000000fb000000)
  from space 39424K, 64% used [0x00000000fd700000,0x00000000fefc5680,0x00000000ffd80000)
  to   space 39936K, 0% used [0x00000000fb000000,0x00000000fb000000,0x00000000fd700000)
 ParOldGen       total 349696K, used 172076K [0x00000000e0000000, 0x00000000f5580000, 0x00000000f5580000)
  object space 349696K, 49% used [0x00000000e0000000,0x00000000ea80b258,0x00000000f5580000)
 Metaspace       used 110263K, capacity 118454K, committed 118656K, reserved 1150976K
  class space    used 14536K, capacity 16220K, committed 16256K, reserved 1048576K
}
Event: 366.125 GC heap before
{Heap before GC invocations=55 (full 4):
 PSYoungGen      total 132096K, used 118037K [0x00000000f5580000, 0x00000000fff00000, 0x0000000100000000)
  eden space 92672K, 100% used [0x00000000f5580000,0x00000000fb000000,0x00000000fb000000)
  from space 39424K, 64% used [0x00000000fd700000,0x00000000fefc5680,0x00000000ffd80000)
  to   space 39936K, 0% used [0x00000000fb000000,0x00000000fb000000,0x00000000fd700000)
 ParOldGen       total 349696K, used 172076K [0x00000000e0000000, 0x00000000f5580000, 0x00000000f5580000)
  object space 349696K, 49% used [0x00000000e0000000,0x00000000ea80b258,0x00000000f5580000)
 Metaspace       used 110613K, capacity 118836K, committed 119040K, reserved 1153024K
  class space    used 14593K, capacity 16273K, committed 16384K, reserved 1048576K
Event: 366.229 GC heap after
Heap after GC invocations=55 (full 4):
 PSYoungGen      total 132608K, used 21670K [0x00000000f5580000, 0x00000000fff80000, 0x0000000100000000)
  eden space 92672K, 0% used [0x00000000f5580000,0x00000000f5580000,0x00000000fb000000)
  from space 39936K, 54% used [0x00000000fb000000,0x00000000fc529878,0x00000000fd700000)
  to   space 39424K, 0% used [0x00000000fd900000,0x00000000fd900000,0x00000000fff80000)
 ParOldGen       total 349696K, used 173663K [0x00000000e0000000, 0x00000000f5580000, 0x00000000f5580000)
  object space 349696K, 49% used [0x00000000e0000000,0x00000000ea997e48,0x00000000f5580000)
 Metaspace       used 110613K, capacity 118836K, committed 119040K, reserved 1153024K
  class space    used 14593K, capacity 16273K, committed 16384K, reserved 1048576K
}
Event: 372.663 GC heap before
{Heap before GC invocations=56 (full 4):
 PSYoungGen      total 132608K, used 114342K [0x00000000f5580000, 0x00000000fff80000, 0x0000000100000000)
  eden space 92672K, 100% used [0x00000000f5580000,0x00000000fb000000,0x00000000fb000000)
  from space 39936K, 54% used [0x00000000fb000000,0x00000000fc529878,0x00000000fd700000)
  to   space 39424K, 0% used [0x00000000fd900000,0x00000000fd900000,0x00000000fff80000)
 ParOldGen       total 349696K, used 173663K [0x00000000e0000000, 0x00000000f5580000, 0x00000000f5580000)
  object space 349696K, 49% used [0x00000000e0000000,0x00000000ea997e48,0x00000000f5580000)
 Metaspace       used 110966K, capacity 119312K, committed 119552K, reserved 1153024K
  class space    used 14640K, capacity 16329K, committed 16384K, reserved 1048576K
Event: 372.695 GC heap after
Heap after GC invocations=56 (full 4):
 PSYoungGen      total 132608K, used 11421K [0x00000000f5580000, 0x00000000ffd80000, 0x0000000100000000)
  eden space 95232K, 0% used [0x00000000f5580000,0x00000000f5580000,0x00000000fb280000)
  from space 37376K, 30% used [0x00000000fd900000,0x00000000fe4275e8,0x00000000ffd80000)
  to   space 38400K, 0% used [0x00000000fb280000,0x00000000fb280000,0x00000000fd800000)
 ParOldGen       total 349696K, used 177816K [0x00000000e0000000, 0x00000000f5580000, 0x00000000f5580000)
  object space 349696K, 50% used [0x00000000e0000000,0x00000000eada62a8,0x00000000f5580000)
 Metaspace       used 110966K, capacity 119312K, committed 119552K, reserved 1153024K
  class space    used 14640K, capacity 16329K, committed 16384K, reserved 1048576K
}
Event: 380.495 GC heap before
{Heap before GC invocations=57 (full 4):
 PSYoungGen      total 132608K, used 106642K [0x00000000f5580000, 0x00000000ffd80000, 0x0000000100000000)
  eden space 95232K, 99% used [0x00000000f5580000,0x00000000fb27d360,0x00000000fb280000)
  from space 37376K, 30% used [0x00000000fd900000,0x00000000fe4275e8,0x00000000ffd80000)
  to   space 38400K, 0% used [0x00000000fb280000,0x00000000fb280000,0x00000000fd800000)
 ParOldGen       total 349696K, used 177816K [0x00000000e0000000, 0x00000000f5580000, 0x00000000f5580000)
  object space 349696K, 50% used [0x00000000e0000000,0x00000000eada62a8,0x00000000f5580000)
 Metaspace       used 119703K, capacity 129064K, committed 129280K, reserved 1161216K
  class space    used 15998K, capacity 17853K, committed 17920K, reserved 1048576K
Event: 380.529 GC heap after
Heap after GC invocations=57 (full 4):
 PSYoungGen      total 133632K, used 17131K [0x00000000f5580000, 0x00000000ffd00000, 0x0000000100000000)
  eden space 95232K, 0% used [0x00000000f5580000,0x00000000f5580000,0x00000000fb280000)
  from space 38400K, 44% used [0x00000000fb280000,0x00000000fc33aff0,0x00000000fd800000)
  to   space 36352K, 0% used [0x00000000fd980000,0x00000000fd980000,0x00000000ffd00000)
 ParOldGen       total 349696K, used 180650K [0x00000000e0000000, 0x00000000f5580000, 0x00000000f5580000)
  object space 349696K, 51% used [0x00000000e0000000,0x00000000eb06aa98,0x00000000f5580000)
 Metaspace       used 119703K, capacity 129064K, committed 129280K, reserved 1161216K
  class space    used 15998K, capacity 17853K, committed 17920K, reserved 1048576K
}
Event: 382.729 GC heap before
{Heap before GC invocations=58 (full 4):
 PSYoungGen      total 133632K, used 112363K [0x00000000f5580000, 0x00000000ffd00000, 0x0000000100000000)
  eden space 95232K, 100% used [0x00000000f5580000,0x00000000fb280000,0x00000000fb280000)
  from space 38400K, 44% used [0x00000000fb280000,0x00000000fc33aff0,0x00000000fd800000)
  to   space 36352K, 0% used [0x00000000fd980000,0x00000000fd980000,0x00000000ffd00000)
 ParOldGen       total 349696K, used 180650K [0x00000000e0000000, 0x00000000f5580000, 0x00000000f5580000)
  object space 349696K, 51% used [0x00000000e0000000,0x00000000eb06aa98,0x00000000f5580000)
 Metaspace       used 120317K, capacity 129606K, committed 129792K, reserved 1161216K
  class space    used 16003K, capacity 17854K, committed 17920K, reserved 1048576K
Event: 382.836 GC heap after
Heap after GC invocations=58 (full 4):
 PSYoungGen      total 133120K, used 27745K [0x00000000f5580000, 0x0000000100000000, 0x0000000100000000)
  eden space 96768K, 0% used [0x00000000f5580000,0x00000000f5580000,0x00000000fb400000)
  from space 36352K, 76% used [0x00000000fd980000,0x00000000ff498508,0x00000000ffd00000)
  to   space 38400K, 0% used [0x00000000fb400000,0x00000000fb400000,0x00000000fd980000)
 ParOldGen       total 349696K, used 183010K [0x00000000e0000000, 0x00000000f5580000, 0x00000000f5580000)
  object space 349696K, 52% used [0x00000000e0000000,0x00000000eb2b8ae8,0x00000000f5580000)
 Metaspace       used 120317K, capacity 129606K, committed 129792K, reserved 1161216K
  class space    used 16003K, capacity 17854K, committed 17920K, reserved 1048576K
}

